<?xml version="1.0" encoding="UTF-8"?>
<!-- Generated by org.testng.reporters.JUnitReportReporter -->
<testsuite skipped="3" hostname="SHRXBA" name="com.lti.day2.PositiveContactListTest" tests="8" failures="0" timestamp="08 Oct 2021 06:20:00 GMT" time="4.236" errors="0">
  <testcase name="updateContact" time="0.542" classname="com.lti.day2.PositiveContactListTest"/>
  <testcase name="getSpecificContact4" time="0.521" classname="com.lti.day2.PositiveContactListTest"/>
  <testcase name="getSpecificContact3" time="0.512" classname="com.lti.day2.PositiveContactListTest"/>
  <testcase name="addContact" time="2.129" classname="com.lti.day2.PositiveContactListTest"/>
  <testcase name="deleteContact" time="0.532" classname="com.lti.day2.PositiveContactListTest"/>
  <testcase name="getAllContactList" classname="com.lti.day2.PositiveContactListTest">
    <skipped/>
  </testcase> <!-- getAllContactList -->
  <testcase name="getSpecificContact2" classname="com.lti.day2.PositiveContactListTest">
    <skipped/>
  </testcase> <!-- getSpecificContact2 -->
  <testcase name="getSpecificContact" classname="com.lti.day2.PositiveContactListTest">
    <skipped/>
  </testcase> <!-- getSpecificContact -->
</testsuite> <!-- com.lti.day2.PositiveContactListTest -->
