<?xml version="1.0" encoding="UTF-8"?>
<!-- Generated by org.testng.reporters.JUnitReportReporter -->
<testsuite skipped="3" hostname="SHRXBA" name="com.lti.day1.WeatherAPI" tests="4" failures="0" timestamp="08 Oct 2021 04:10:53 GMT" time="1.580" errors="0">
  <testcase name="getWeatherDetails4" time="1.580" classname="com.lti.day1.WeatherAPI"/>
  <testcase name="getWeatherDetails3" classname="com.lti.day1.WeatherAPI">
    <skipped/>
  </testcase> <!-- getWeatherDetails3 -->
  <testcase name="getWeatherDetails2" classname="com.lti.day1.WeatherAPI">
    <skipped/>
  </testcase> <!-- getWeatherDetails2 -->
  <testcase name="getWeatherDetails" classname="com.lti.day1.WeatherAPI">
    <skipped/>
  </testcase> <!-- getWeatherDetails -->
</testsuite> <!-- com.lti.day1.WeatherAPI -->
