<?xml version="1.0" encoding="UTF-8"?>
<!-- Generated by org.testng.reporters.JUnitReportReporter -->
<testsuite skipped="0" hostname="SHRXBA" name="com.lti.day2.PositiveContactListTest2" tests="8" failures="0" timestamp="08 Oct 2021 07:45:07 GMT" time="14.740" errors="0">
  <testcase name="getSpecificContactInfo3" time="0.684" classname="com.lti.day2.PositiveContactListTest2"/>
  <testcase name="getAllContactListInfo" time="8.819" classname="com.lti.day2.PositiveContactListTest2"/>
  <testcase name="updatingContact" time="0.604" classname="com.lti.day2.PositiveContactListTest2"/>
  <testcase name="addingContact" time="2.311" classname="com.lti.day2.PositiveContactListTest2"/>
  <testcase name="getSpecificContactInfo1" time="0.550" classname="com.lti.day2.PositiveContactListTest2"/>
  <testcase name="getSpecificContact4" time="0.551" classname="com.lti.day2.PositiveContactListTest2"/>
  <testcase name="getSpecificContactInfo2" time="0.511" classname="com.lti.day2.PositiveContactListTest2"/>
  <testcase name="deletingContact" time="0.710" classname="com.lti.day2.PositiveContactListTest2"/>
</testsuite> <!-- com.lti.day2.PositiveContactListTest2 -->
