<?xml version="1.0" encoding="UTF-8"?>
<!-- Generated by org.testng.reporters.JUnitReportReporter -->
<testsuite skipped="0" hostname="SHRXBA" name="com.lti.day2.NegativeContactListTest" tests="5" failures="0" timestamp="08 Oct 2021 07:19:24 GMT" time="6.162" errors="0">
  <testcase name="addContactWithMissingParameter" time="0.890" classname="com.lti.day2.NegativeContactListTest"/>
  <testcase name="addContactWithImproperFormat" time="3.362" classname="com.lti.day2.NegativeContactListTest"/>
  <testcase name="addContactWithInvalidCharacters" time="0.738" classname="com.lti.day2.NegativeContactListTest"/>
  <testcase name="recordNotFound" time="0.608" classname="com.lti.day2.NegativeContactListTest"/>
  <testcase name="addContactWithTooManyCharacters" time="0.564" classname="com.lti.day2.NegativeContactListTest"/>
</testsuite> <!-- com.lti.day2.NegativeContactListTest -->
