<?xml version="1.0" encoding="UTF-8"?>
<!-- Generated by org.testng.reporters.JUnitReportReporter -->
<testsuite skipped="1" hostname="SHRXBA" name="com.lti.day2.GitHubTest" tests="2" failures="0" timestamp="08 Oct 2021 09:52:27 GMT" time="1.442" errors="0">
  <testcase name="gettingAllRepositories" time="1.442" classname="com.lti.day2.GitHubTest"/>
  <testcase name="createRepositories" classname="com.lti.day2.GitHubTest">
    <skipped/>
  </testcase> <!-- createRepositories -->
</testsuite> <!-- com.lti.day2.GitHubTest -->
